src/app/actions/team-registration.ts(6,1): error TS6133: 'z' is declared but its value is never read.
src/app/ssr/auth.ts(5,26): error TS6133: 'SessionSchema' is declared but its value is never read.
src/components/link-manager/create-link-dialog.tsx(25,91): error TS6133: 'Pencil' is declared but its value is never read.
src/components/scorecard/delete-entry-dialog.tsx(1,1): error TS6133: 'React' is declared but its value is never read.
src/components/scorecard/edit-entry-dialog.tsx(1,1): error TS6133: 'React' is declared but its value is never read.
src/components/scorecard/metrics-chart-dialog.tsx(1,1): error TS6133: 'React' is declared but its value is never read.
src/components/scorecard/metrics-chart-sheet.tsx(705,49): error TS6133: 'subLabel' is declared but its value is never read.
src/components/turnover/entry-card.tsx(47,5): error TS6133: 'DialogHeader' is declared but its value is never read.
src/components/turnover/section-table.tsx(169,80): error TS6133: 'index' is declared but its value is never read.
src/components/ui/resizable.tsx(11,51): error TS2339: Property 'PanelGroup' does not exist on type 'typeof import("C:/Coding_Projects_Amex/schadcn-tanstack-baseui/ensemble=tanstack-baseui/node_modules/.pnpm/react-resizable-panels@4.0._759604facfc8d37970885ae36119ad21/node_modules/react-resizable-panels/dist/react-resizable-panels")'.
src/components/ui/resizable.tsx(13,25): error TS2339: Property 'PanelGroup' does not exist on type 'typeof import("C:/Coding_Projects_Amex/schadcn-tanstack-baseui/ensemble=tanstack-baseui/node_modules/.pnpm/react-resizable-panels@4.0._759604facfc8d37970885ae36119ad21/node_modules/react-resizable-panels/dist/react-resizable-panels")'.
src/components/ui/resizable.tsx(34,51): error TS2339: Property 'PanelResizeHandle' does not exist on type 'typeof import("C:/Coding_Projects_Amex/schadcn-tanstack-baseui/ensemble=tanstack-baseui/node_modules/.pnpm/react-resizable-panels@4.0._759604facfc8d37970885ae36119ad21/node_modules/react-resizable-panels/dist/react-resizable-panels")'.
src/components/ui/resizable.tsx(38,25): error TS2339: Property 'PanelResizeHandle' does not exist on type 'typeof import("C:/Coding_Projects_Amex/schadcn-tanstack-baseui/ensemble=tanstack-baseui/node_modules/.pnpm/react-resizable-panels@4.0._759604facfc8d37970885ae36119ad21/node_modules/react-resizable-panels/dist/react-resizable-panels")'.
src/components/ui/resizable.tsx(49,26): error TS2339: Property 'PanelResizeHandle' does not exist on type 'typeof import("C:/Coding_Projects_Amex/schadcn-tanstack-baseui/ensemble=tanstack-baseui/node_modules/.pnpm/react-resizable-panels@4.0._759604facfc8d37970885ae36119ad21/node_modules/react-resizable-panels/dist/react-resizable-panels")'.
src/components/ui/scroll-area.tsx(1,1): error TS6133: 'React' is declared but its value is never read.
src/db/schema/links.ts(3,5): error TS6133: 'pgTable' is declared but its value is never read.
src/db/schema/links.ts(8,5): error TS6133: 'pgEnum' is declared but its value is never read.
src/db/schema/links.ts(10,5): error TS6133: 'boolean' is declared but its value is never read.
src/lib/auth/service.ts(3,23): error TS6133: 'eq' is declared but its value is never read.
src/lib/auth/service.ts(37,15): error TS6133: 'isMember' is declared but its value is never read.
src/routes/index.tsx(30,9): error TS6133: 'y' is declared but its value is never read.
src/routes/index.tsx(31,9): error TS6133: 'opacity' is declared but its value is never read.
src/routes/teams/$teamId/link-manager.index.tsx(7,99): error TS6133: 'CheckSquare' is declared but its value is never read.
src/routes/teams/$teamId/link-manager.index.tsx(7,112): error TS6133: 'Square' is declared but its value is never read.
src/routes/teams/$teamId/link-manager.index.tsx(7,120): error TS6133: 'Minus' is declared but its value is never read.
src/routes/teams/$teamId/link-manager.index.tsx(9,1): error TS6192: All imports in import declaration are unused.
src/routes/teams/$teamId/link-manager.index.tsx(137,9): error TS6133: 'handleBulkApplication' is declared but its value is never read.
src/routes/teams/$teamId/link-manager.index.tsx(202,9): error TS6133: 'isAllSelected' is declared but its value is never read.
src/routes/teams/$teamId/link-manager.index.tsx(203,9): error TS6133: 'isSomeSelected' is declared but its value is never read.
src/routes/teams/$teamId/link-manager.index.tsx(349,72): error TS2345: Argument of type 'unknown' is not assignable to parameter of type 'string | null'.
src/routes/teams/$teamId/link-manager/categories.tsx(7,41): error TS6133: 'CardTitle' is declared but its value is never read.
src/routes/teams/$teamId/link-manager/categories.tsx(7,52): error TS6133: 'CardDescription' is declared but its value is never read.
src/routes/teams/$teamId/link-manager/categories.tsx(104,22): error TS2322: Type '{ children: string; variant: string; className: string; }' is not assignable to type 'IntrinsicAttributes & Omit<LucideProps, "ref"> & RefAttributes<SVGSVGElement>'.
  Property 'variant' does not exist on type 'IntrinsicAttributes & Omit<LucideProps, "ref"> & RefAttributes<SVGSVGElement>'.
src/routes/teams/$teamId/link-manager/categories.tsx(262,51): error TS2322: Type '{ children: Element; asChild: true; }' is not assignable to type 'IntrinsicAttributes & Props<unknown>'.
  Property 'asChild' does not exist on type 'IntrinsicAttributes & Props<unknown>'.
src/routes/teams/$teamId/link-manager/import.tsx(23,1): error TS6133: 'Switch' is declared but its value is never read.
src/routes/teams/$teamId/link-manager/import.tsx(40,3): error TS6133: 'Pencil' is declared but its value is never read.
src/routes/teams/$teamId/link-manager/import.tsx(42,3): error TS6133: 'Plus' is declared but its value is never read.
src/routes/teams/$teamId/link-manager/import.tsx(49,3): error TS6133: 'ChevronUp' is declared but its value is never read.
src/routes/teams/$teamId/link-manager/import.tsx(52,3): error TS6133: 'GripVertical' is declared but its value is never read.
src/routes/teams/$teamId/link-manager/stats.tsx(28,5): error TS6133: 'ChevronRight' is declared but its value is never read.
src/routes/teams/$teamId/link-manager/stats.tsx(45,7): error TS6133: 'COLORS' is declared but its value is never read.
src/routes/teams/$teamId/link-manager/stats.tsx(51,26): error TS6133: 'isLoading' is declared but its value is never read.
src/routes/teams/$teamId/link-manager/stats.tsx(60,18): error TS2304: Cannot find name 'Loader2'.
src/routes/teams/$teamId/link-manager/stats.tsx(283,89): error TS2769: No overload matches this call.
  Overload 1 of 2, '(props: Props): YAxis', gave the following error.
    Object literal may only specify known properties, and 'textTransform' does not exist in type 'SVGProps<SVGTextElement> | ReactElement<SVGElement, string | JSXElementConstructor<any>> | ((props: any) => ReactElement<...>)'.
  Overload 2 of 2, '(props: Props, context: any): YAxis', gave the following error.
    Object literal may only specify known properties, and 'textTransform' does not exist in type 'SVGProps<SVGTextElement> | ReactElement<SVGElement, string | JSXElementConstructor<any>> | ((props: any) => ReactElement<...>)'.
src/routes/teams/$teamId/link-manager/stats.tsx(321,89): error TS2769: No overload matches this call.
  Overload 1 of 2, '(props: Props): XAxis', gave the following error.
    Object literal may only specify known properties, and 'textTransform' does not exist in type 'SVGProps<SVGTextElement> | ReactElement<SVGElement, string | JSXElementConstructor<any>> | ((props: any) => ReactElement<...>)'.
  Overload 2 of 2, '(props: Props, context: any): XAxis', gave the following error.
    Object literal may only specify known properties, and 'textTransform' does not exist in type 'SVGProps<SVGTextElement> | ReactElement<SVGElement, string | JSXElementConstructor<any>> | ((props: any) => ReactElement<...>)'.
src/routes/teams/$teamId/link-manager/stats.tsx(341,55): error TS6133: 'description' is declared but its value is never read.
src/routes/teams/$teamId/scorecard.tsx(46,3): error TS6133: 'Eye' is declared but its value is never read.
src/routes/teams/$teamId/turnover/pass-the-baton.tsx(9,3): error TS6133: 'Star' is declared but its value is never read.
src/routes/teams/$teamId/turnover/pass-the-baton.tsx(10,3): error TS6133: 'ArrowRightLeft' is declared but its value is never read.
src/routes/teams/$teamId/turnover/pass-the-baton.tsx(14,1): error TS6192: All imports in import declaration are unused.
src/routes/teams/$teamId/turnover/pass-the-baton.tsx(82,50): error TS6133: 'index' is declared but its value is never read.
src/routes/teams/$teamId/turnover/pass-the-baton.tsx(176,37): error TS6133: 'index' is declared but its value is never read.
src/routes/teams/$teamId/turnover/transition-history.tsx(2,20): error TS6133: 'useMemo' is declared but its value is never read.
src/routes/teams/$teamId/turnover/turnover-metrics.tsx(7,3): error TS6133: 'BarChart3' is declared but its value is never read.
src/routes/teams/register.tsx(12,29): error TS6133: 'CardDescription' is declared but its value is never read.
src/routes/teams/register.tsx(12,58): error TS6133: 'CardHeader' is declared but its value is never read.
src/routes/teams/register.tsx(12,70): error TS6133: 'CardTitle' is declared but its value is never read.
